This is pdfTeX, Version 3.14159265-2.6-1.40.21 (TeX Live 2020/Arch Linux) (preloaded format=pdflatex 2021.2.16)  18 FEB 2021 21:17
entering extended mode
 restricted \write18 enabled.
 %&-line parsing enabled.
**finalDraft.tex
(./finalDraft.tex
LaTeX2e <2020-10-01> patch level 2
L3 programming layer <2020-12-03> xparse <2020-03-03>
(/usr/share/texmf-dist/tex/latex/base/article.cls
Document Class: article 2020/04/10 v1.4m Standard LaTeX document class
(/usr/share/texmf-dist/tex/latex/base/size11.clo
File: size11.clo 2020/04/10 v1.4m Standard LaTeX file (size option)
)
\c@part=\count177
\c@section=\count178
\c@subsection=\count179
\c@subsubsection=\count180
\c@paragraph=\count181
\c@subparagraph=\count182
\c@figure=\count183
\c@table=\count184
\abovecaptionskip=\skip47
\belowcaptionskip=\skip48
\bibindent=\dimen138
)
(/usr/share/texmf-dist/tex/latex/fancyhdr/fancyhdr.sty
Package: fancyhdr 2019/01/31 v3.10 Extensive control of page headers and footer
s
\f@nch@headwidth=\skip49
\f@nch@O@elh=\skip50
\f@nch@O@erh=\skip51
\f@nch@O@olh=\skip52
\f@nch@O@orh=\skip53
\f@nch@O@elf=\skip54
\f@nch@O@erf=\skip55
\f@nch@O@olf=\skip56
\f@nch@O@orf=\skip57
)
(/usr/share/texmf-dist/tex/latex/l3backend/l3backend-pdftex.def
File: l3backend-pdftex.def 2020-09-24 L3 backend support: PDF output (pdfTeX)
\l__kernel_color_stack_int=\count185
\l__pdf_internal_box=\box47
)
(./finalDraft.aux)
LaTeX Font Info:    Checking defaults for OML/cmm/m/it on input line 6.
LaTeX Font Info:    ... okay on input line 6.
LaTeX Font Info:    Checking defaults for OMS/cmsy/m/n on input line 6.
LaTeX Font Info:    ... okay on input line 6.
LaTeX Font Info:    Checking defaults for OT1/cmr/m/n on input line 6.
LaTeX Font Info:    ... okay on input line 6.
LaTeX Font Info:    Checking defaults for T1/cmr/m/n on input line 6.
LaTeX Font Info:    ... okay on input line 6.
LaTeX Font Info:    Checking defaults for TS1/cmr/m/n on input line 6.
LaTeX Font Info:    ... okay on input line 6.
LaTeX Font Info:    Checking defaults for OMX/cmex/m/n on input line 6.
LaTeX Font Info:    ... okay on input line 6.
LaTeX Font Info:    Checking defaults for U/cmr/m/n on input line 6.
LaTeX Font Info:    ... okay on input line 6.
LaTeX Font Info:    External font `cmex10' loaded for size
(Font)              <12> on input line 8.
LaTeX Font Info:    External font `cmex10' loaded for size
(Font)              <8> on input line 8.
LaTeX Font Info:    External font `cmex10' loaded for size
(Font)              <6> on input line 8.
 [1

{/var/lib/texmf/fonts/map/pdftex/updmap/pdftex.map}]
(./finalDraft.toc
LaTeX Font Info:    External font `cmex10' loaded for size
(Font)              <10.95> on input line 4.
)
\tf@toc=\write3
 [1] [2] [3] [4] [5] [6] [7] [8] [9]
Underfull \hbox (badness 10000) in paragraph at lines 382--407

 []


Underfull \hbox (badness 10000) in paragraph at lines 382--407

 []

[10]
Underfull \hbox (badness 10000) in paragraph at lines 409--410
[]\OT1/cmr/m/n/10.95 \Citizenship Amend-ment Bill: In-dia's New `anti-Muslim'
 []


Underfull \hbox (badness 2042) in paragraph at lines 409--410
\OT1/cmr/m/n/10.95 Law Ex-plained." BBC News, De-cem-ber 11, 2019, sec. In-dia.

 []


Underfull \hbox (badness 10000) in paragraph at lines 413--414
[]\OT1/cmr/m/n/10.95 \BBC - Re-li-gions - Is-lam: Mughal Em-pire
 []


Underfull \hbox (badness 10000) in paragraph at lines 413--414
\OT1/cmr/m/n/10.95 (1500s, 1600s)." Ac-cessed Febru-ary 16, 2021.
 []


Overfull \hbox (9.928pt too wide) in paragraph at lines 413--414
\OT1/cmr/m/n/10.95 https://www.bbc.co.uk/religion/religions/islam/history/mugha
lempire. 
 []

! Misplaced alignment tab character &.
l.415 ...ng Source Material. Atlantic Publishers &
                                                   Dist, 1999.
? 

Underfull \hbox (badness 10000) in paragraph at lines 425--426
[]\OT1/cmr/m/n/10.95 Office, Pub-lic Record. \Learn-ing Curve British Em-
 []


Underfull \hbox (badness 10000) in paragraph at lines 425--426
\OT1/cmr/m/n/10.95 pire." Text;image. Pub-lic Record Of-fice, The Na-
 []


Underfull \hbox (badness 10000) in paragraph at lines 425--426
\OT1/cmr/m/n/10.95 tional Archives. Ac-cessed Febru-ary 16, 2021.
 []


Overfull \hbox (61.45387pt too wide) in paragraph at lines 425--426
\OT1/cmr/m/n/10.95 https://www.nationalarchives.gov.uk/education/empire/transcr
ipt/g2cs4s4ts.htm. 
 []

[11]
! Misplaced alignment tab character &.
l.433 ...tish Policy in Indian History." Science &
                                                   Society 15, no. 1 (1951):...

? 

Underfull \hbox (badness 10000) in paragraph at lines 437--438
[]\OT1/cmr/m/n/10.95 Nanda, B. R. Nehru and Re-li-gion. Ox-ford Uni-
 []


Underfull \hbox (badness 10000) in paragraph at lines 437--438
\OT1/cmr/m/n/10.95 ver-sity Press. Ac-cessed Febru-ary 16, 2021.
 []


Overfull \hbox (167.42563pt too wide) in paragraph at lines 437--438
\OT1/cmr/m/n/10.95 https://oxford.universitypressscholarship.com/view/10.1093/a
cprof:oso/9780195645866.001.0001/acprof-
 []

[12] (./finalDraft.aux) ) 
Here is how much of TeX's memory you used:
 589 strings out of 479383
 9280 string characters out of 5875830
 283073 words of memory out of 5000000
 17763 multiletter control sequences out of 15000+600000
 409288 words of font info for 46 fonts, out of 8000000 for 9000
 1141 hyphenation exceptions out of 8191
 43i,6n,54p,338b,202s stack positions out of 5000i,500n,10000p,200000b,80000s
{/usr/share/texmf-dist/fonts/enc/dvips/cm-super/cm-sup
er-ts1.enc}</usr/share/texmf-dist/fonts/type1/public/amsfonts/cm/cmbx10.pfb></u
sr/share/texmf-dist/fonts/type1/public/amsfonts/cm/cmbx12.pfb></usr/share/texmf
-dist/fonts/type1/public/amsfonts/cm/cmr10.pfb></usr/share/texmf-dist/fonts/typ
e1/public/amsfonts/cm/cmr12.pfb></usr/share/texmf-dist/fonts/type1/public/amsfo
nts/cm/cmr17.pfb></usr/share/texmf-dist/fonts/type1/public/amsfonts/cm/cmti10.p
fb></usr/share/texmf-dist/fonts/type1/public/cm-super/sfrm1095.pfb>
Output written on finalDraft.pdf (13 pages, 126441 bytes).
PDF statistics:
 76 PDF objects out of 1000 (max. 8388607)
 53 compressed objects within 1 object stream
 0 named destinations out of 1000 (max. 500000)
 1 words of extra memory for PDF output out of 10000 (max. 10000000)

